<?xml version="1.0" encoding="UTF-8"?>
<!-- Generated by org.testng.reporters.JUnitReportReporter -->
<testsuite hostname="Sabah" failures="0" tests="3" name="com.neotech.testcases.AddEmployeeTest" time="132.318" errors="0" timestamp="2023-10-21T12:01:28 EDT" skipped="0">
  <testcase classname="com.neotech.testcases.AddEmployeeTest" name="addEmployee" time="44.102"/>
  <testcase classname="com.neotech.testcases.AddEmployeeTest" name="addEmployee" time="44.642"/>
  <testcase classname="com.neotech.testcases.AddEmployeeTest" name="addEmployee" time="43.574"/>
</testsuite> <!-- com.neotech.testcases.AddEmployeeTest -->
