<?xml version="1.0" encoding="UTF-8"?>
<!-- Generated by org.testng.reporters.JUnitReportReporter -->
<testsuite hostname="Emines-Laptop.lan" failures="0" tests="2" name="com.neotech.testcases.LoginTest" time="48.981" errors="0" timestamp="2023-10-17T21:26:06 EDT" skipped="0">
  <testcase classname="com.neotech.testcases.LoginTest" name="emptyPasswordLogin" time="36.202"/>
  <testcase classname="com.neotech.testcases.LoginTest" name="emptyPasswordLoginn" time="12.779"/>
</testsuite> <!-- com.neotech.testcases.LoginTest -->
