<?xml version="1.0" encoding="UTF-8"?>
<!-- Generated by org.testng.reporters.JUnitReportReporter -->
<testsuite hostname="Emines-Laptop.lan" failures="0" tests="2" name="com.neotech.testcases.GroupDemo" time="0.044" errors="0" timestamp="2023-11-20T20:09:56 EST" skipped="0">
  <testcase classname="com.neotech.testcases.GroupDemo" name="test2" time="0.001"/>
  <testcase classname="com.neotech.testcases.GroupDemo" name="test1" time="0.043"/>
</testsuite> <!-- com.neotech.testcases.GroupDemo -->
